{"/Users/danielkalen/sandbox/simplyimport/dist/simplyimport.js":{"path":"/Users/danielkalen/sandbox/simplyimport/dist/simplyimport.js","s":{"1":1,"2":1,"3":1,"4":1,"5":1,"6":1,"7":1,"8":1,"9":1,"10":1,"11":1,"12":1,"13":1,"14":1,"15":23,"16":23,"17":23,"18":23,"19":1,"20":22,"21":21,"22":2,"23":2,"24":2,"25":2,"26":9,"27":2,"28":9,"29":5,"30":2,"31":21,"32":1,"33":77,"34":150,"35":75,"36":75,"37":65,"38":75,"39":1,"40":74,"41":74,"42":68,"43":68,"44":68,"45":6,"46":1,"47":1,"48":1,"49":62,"50":56,"51":56,"52":56,"53":55,"54":56,"55":3,"56":3,"57":6,"58":3,"59":56,"60":6,"61":6,"62":6,"63":6,"64":6,"65":6,"66":2,"67":1,"68":1,"69":55,"70":1,"71":73,"72":6,"73":73,"74":1},"b":{"1":[1,22],"2":[2,19],"3":[65,10],"4":[1,74],"5":[58,16],"6":[68,6],"7":[6,62],"8":[1,5],"9":[56,6],"10":[56,15],"11":[55,1],"12":[3,53],"13":[56,9],"14":[6,2],"15":[56,24],"16":[50,20],"17":[1,1],"18":[1,54],"19":[6,67],"20":[73,6],"21":[73,18]},"f":{"1":23,"2":2,"3":9,"4":5,"5":77,"6":150,"7":75,"8":6,"9":6,"10":6},"fnMap":{"1":{"name":"(anonymous_1)","line":28,"loc":{"start":{"line":28,"column":18},"end":{"line":28,"column":62}}},"2":{"name":"(anonymous_2)","line":37,"loc":{"start":{"line":37,"column":23},"end":{"line":37,"column":34}}},"3":{"name":"(anonymous_3)","line":44,"loc":{"start":{"line":44,"column":19},"end":{"line":44,"column":34}}},"4":{"name":"(anonymous_4)","line":46,"loc":{"start":{"line":46,"column":13},"end":{"line":46,"column":28}}},"5":{"name":"(anonymous_5)","line":55,"loc":{"start":{"line":55,"column":17},"end":{"line":55,"column":39}}},"6":{"name":"(anonymous_6)","line":56,"loc":{"start":{"line":56,"column":45},"end":{"line":56,"column":68}}},"7":{"name":"(anonymous_7)","line":57,"loc":{"start":{"line":57,"column":49},"end":{"line":57,"column":118}}},"8":{"name":"(anonymous_8)","line":85,"loc":{"start":{"line":85,"column":57},"end":{"line":85,"column":72}}},"9":{"name":"(anonymous_9)","line":92,"loc":{"start":{"line":92,"column":71},"end":{"line":92,"column":106}}},"10":{"name":"(anonymous_10)","line":94,"loc":{"start":{"line":94,"column":55},"end":{"line":94,"column":66}}}},"statementMap":{"1":{"start":{"line":2,"column":0},"end":{"line":2,"column":147}},"2":{"start":{"line":4,"column":0},"end":{"line":4,"column":33}},"3":{"start":{"line":6,"column":0},"end":{"line":6,"column":23}},"4":{"start":{"line":8,"column":0},"end":{"line":8,"column":25}},"5":{"start":{"line":10,"column":0},"end":{"line":10,"column":27}},"6":{"start":{"line":12,"column":0},"end":{"line":12,"column":42}},"7":{"start":{"line":14,"column":0},"end":{"line":14,"column":32}},"8":{"start":{"line":16,"column":0},"end":{"line":16,"column":31}},"9":{"start":{"line":18,"column":0},"end":{"line":18,"column":27}},"10":{"start":{"line":20,"column":0},"end":{"line":20,"column":45}},"11":{"start":{"line":22,"column":0},"end":{"line":22,"column":43}},"12":{"start":{"line":24,"column":0},"end":{"line":24,"column":36}},"13":{"start":{"line":26,"column":0},"end":{"line":26,"column":47}},"14":{"start":{"line":28,"column":0},"end":{"line":53,"column":2}},"15":{"start":{"line":29,"column":2},"end":{"line":29,"column":56}},"16":{"start":{"line":30,"column":2},"end":{"line":30,"column":59}},"17":{"start":{"line":31,"column":2},"end":{"line":31,"column":45}},"18":{"start":{"line":32,"column":2},"end":{"line":52,"column":3}},"19":{"start":{"line":33,"column":4},"end":{"line":33,"column":135}},"20":{"start":{"line":35,"column":4},"end":{"line":35,"column":51}},"21":{"start":{"line":36,"column":4},"end":{"line":50,"column":5}},"22":{"start":{"line":37,"column":6},"end":{"line":48,"column":20}},"23":{"start":{"line":38,"column":8},"end":{"line":38,"column":20}},"24":{"start":{"line":39,"column":8},"end":{"line":39,"column":21}},"25":{"start":{"line":40,"column":8},"end":{"line":42,"column":9}},"26":{"start":{"line":41,"column":10},"end":{"line":41,"column":29}},"27":{"start":{"line":43,"column":8},"end":{"line":43,"column":23}},"28":{"start":{"line":45,"column":8},"end":{"line":45,"column":55}},"29":{"start":{"line":47,"column":8},"end":{"line":47,"column":80}},"30":{"start":{"line":49,"column":6},"end":{"line":49,"column":64}},"31":{"start":{"line":51,"column":4},"end":{"line":51,"column":28}},"32":{"start":{"line":55,"column":0},"end":{"line":126,"column":2}},"33":{"start":{"line":56,"column":2},"end":{"line":125,"column":16}},"34":{"start":{"line":57,"column":4},"end":{"line":124,"column":7}},"35":{"start":{"line":58,"column":6},"end":{"line":58,"column":82}},"36":{"start":{"line":59,"column":6},"end":{"line":61,"column":7}},"37":{"start":{"line":60,"column":8},"end":{"line":60,"column":24}},"38":{"start":{"line":62,"column":6},"end":{"line":64,"column":7}},"39":{"start":{"line":63,"column":8},"end":{"line":63,"column":28}},"40":{"start":{"line":65,"column":6},"end":{"line":65,"column":107}},"41":{"start":{"line":66,"column":6},"end":{"line":119,"column":7}},"42":{"start":{"line":67,"column":8},"end":{"line":67,"column":78}},"43":{"start":{"line":68,"column":8},"end":{"line":70,"column":38}},"44":{"start":{"line":71,"column":8},"end":{"line":118,"column":9}},"45":{"start":{"line":72,"column":10},"end":{"line":76,"column":11}},"46":{"start":{"line":73,"column":12},"end":{"line":73,"column":102}},"47":{"start":{"line":74,"column":12},"end":{"line":74,"column":67}},"48":{"start":{"line":75,"column":12},"end":{"line":75,"column":134}},"49":{"start":{"line":77,"column":15},"end":{"line":118,"column":9}},"50":{"start":{"line":78,"column":10},"end":{"line":78,"column":86}},"51":{"start":{"line":79,"column":10},"end":{"line":79,"column":43}},"52":{"start":{"line":80,"column":10},"end":{"line":82,"column":11}},"53":{"start":{"line":81,"column":12},"end":{"line":81,"column":53}},"54":{"start":{"line":83,"column":10},"end":{"line":89,"column":11}},"55":{"start":{"line":84,"column":12},"end":{"line":84,"column":50}},"56":{"start":{"line":85,"column":12},"end":{"line":87,"column":26}},"57":{"start":{"line":86,"column":14},"end":{"line":86,"column":36}},"58":{"start":{"line":88,"column":12},"end":{"line":88,"column":48}},"59":{"start":{"line":90,"column":10},"end":{"line":108,"column":11}},"60":{"start":{"line":92,"column":14},"end":{"line":98,"column":17}},"61":{"start":{"line":93,"column":16},"end":{"line":93,"column":35}},"62":{"start":{"line":94,"column":16},"end":{"line":96,"column":19}},"63":{"start":{"line":95,"column":18},"end":{"line":95,"column":31}},"64":{"start":{"line":97,"column":16},"end":{"line":97,"column":60}},"65":{"start":{"line":99,"column":14},"end":{"line":99,"column":20}},"66":{"start":{"line":101,"column":14},"end":{"line":107,"column":15}},"67":{"start":{"line":102,"column":16},"end":{"line":104,"column":19}},"68":{"start":{"line":106,"column":16},"end":{"line":106,"column":206}},"69":{"start":{"line":109,"column":10},"end":{"line":117,"column":11}},"70":{"start":{"line":110,"column":12},"end":{"line":116,"column":20}},"71":{"start":{"line":120,"column":6},"end":{"line":122,"column":7}},"72":{"start":{"line":121,"column":8},"end":{"line":121,"column":61}},"73":{"start":{"line":123,"column":6},"end":{"line":123,"column":47}},"74":{"start":{"line":128,"column":0},"end":{"line":128,"column":33}}},"branchMap":{"1":{"line":32,"type":"if","locations":[{"start":{"line":32,"column":2},"end":{"line":32,"column":2}},{"start":{"line":32,"column":2},"end":{"line":32,"column":2}}]},"2":{"line":36,"type":"if","locations":[{"start":{"line":36,"column":4},"end":{"line":36,"column":4}},{"start":{"line":36,"column":4},"end":{"line":36,"column":4}}]},"3":{"line":59,"type":"if","locations":[{"start":{"line":59,"column":6},"end":{"line":59,"column":6}},{"start":{"line":59,"column":6},"end":{"line":59,"column":6}}]},"4":{"line":62,"type":"if","locations":[{"start":{"line":62,"column":6},"end":{"line":62,"column":6}},{"start":{"line":62,"column":6},"end":{"line":62,"column":6}}]},"5":{"line":65,"type":"cond-expr","locations":[{"start":{"line":65,"column":50},"end":{"line":65,"column":101}},{"start":{"line":65,"column":104},"end":{"line":65,"column":106}}]},"6":{"line":66,"type":"if","locations":[{"start":{"line":66,"column":6},"end":{"line":66,"column":6}},{"start":{"line":66,"column":6},"end":{"line":66,"column":6}}]},"7":{"line":71,"type":"if","locations":[{"start":{"line":71,"column":8},"end":{"line":71,"column":8}},{"start":{"line":71,"column":8},"end":{"line":71,"column":8}}]},"8":{"line":72,"type":"if","locations":[{"start":{"line":72,"column":10},"end":{"line":72,"column":10}},{"start":{"line":72,"column":10},"end":{"line":72,"column":10}}]},"9":{"line":77,"type":"if","locations":[{"start":{"line":77,"column":15},"end":{"line":77,"column":15}},{"start":{"line":77,"column":15},"end":{"line":77,"column":15}}]},"10":{"line":78,"type":"binary-expr","locations":[{"start":{"line":78,"column":54},"end":{"line":78,"column":74}},{"start":{"line":78,"column":78},"end":{"line":78,"column":85}}]},"11":{"line":80,"type":"if","locations":[{"start":{"line":80,"column":10},"end":{"line":80,"column":10}},{"start":{"line":80,"column":10},"end":{"line":80,"column":10}}]},"12":{"line":83,"type":"if","locations":[{"start":{"line":83,"column":10},"end":{"line":83,"column":10}},{"start":{"line":83,"column":10},"end":{"line":83,"column":10}}]},"13":{"line":83,"type":"binary-expr","locations":[{"start":{"line":83,"column":14},"end":{"line":83,"column":21}},{"start":{"line":83,"column":25},"end":{"line":83,"column":38}}]},"14":{"line":90,"type":"switch","locations":[{"start":{"line":91,"column":12},"end":{"line":99,"column":20}},{"start":{"line":100,"column":12},"end":{"line":107,"column":15}}]},"15":{"line":91,"type":"binary-expr","locations":[{"start":{"line":91,"column":19},"end":{"line":91,"column":39}},{"start":{"line":91,"column":43},"end":{"line":91,"column":62}}]},"16":{"line":100,"type":"binary-expr","locations":[{"start":{"line":100,"column":19},"end":{"line":100,"column":37}},{"start":{"line":100,"column":41},"end":{"line":100,"column":62}}]},"17":{"line":101,"type":"if","locations":[{"start":{"line":101,"column":14},"end":{"line":101,"column":14}},{"start":{"line":101,"column":14},"end":{"line":101,"column":14}}]},"18":{"line":109,"type":"if","locations":[{"start":{"line":109,"column":10},"end":{"line":109,"column":10}},{"start":{"line":109,"column":10},"end":{"line":109,"column":10}}]},"19":{"line":120,"type":"if","locations":[{"start":{"line":120,"column":6},"end":{"line":120,"column":6}},{"start":{"line":120,"column":6},"end":{"line":120,"column":6}}]},"20":{"line":120,"type":"binary-expr","locations":[{"start":{"line":120,"column":10},"end":{"line":120,"column":22}},{"start":{"line":120,"column":26},"end":{"line":120,"column":38}}]},"21":{"line":123,"type":"binary-expr","locations":[{"start":{"line":123,"column":13},"end":{"line":123,"column":25}},{"start":{"line":123,"column":29},"end":{"line":123,"column":46}}]}}},"/Users/danielkalen/sandbox/simplyimport/dist/helpers.js":{"path":"/Users/danielkalen/sandbox/simplyimport/dist/helpers.js","s":{"1":1,"2":1,"3":1,"4":1,"5":1,"6":76,"7":3,"8":75,"9":27,"10":48,"11":63,"12":63,"13":63,"14":58,"15":5,"16":58,"17":58,"18":58,"19":58,"20":58,"21":68,"22":68,"23":68,"24":68,"25":74,"26":74,"27":84,"28":74,"29":16,"30":16,"31":6,"32":68,"33":1},"b":{"1":[27,48],"2":[23,40],"3":[58,5],"4":[6,10]},"f":{"1":76,"2":3,"3":75,"4":63,"5":58,"6":58,"7":68,"8":74,"9":84},"fnMap":{"1":{"name":"(anonymous_1)","line":11,"loc":{"start":{"line":11,"column":24},"end":{"line":11,"column":44}}},"2":{"name":"(anonymous_2)","line":14,"loc":{"start":{"line":14,"column":16},"end":{"line":14,"column":36}}},"3":{"name":"(anonymous_3)","line":17,"loc":{"start":{"line":17,"column":19},"end":{"line":17,"column":40}}},"4":{"name":"(anonymous_4)","line":24,"loc":{"start":{"line":24,"column":14},"end":{"line":24,"column":49}}},"5":{"name":"(anonymous_5)","line":33,"loc":{"start":{"line":33,"column":24},"end":{"line":33,"column":54}}},"6":{"name":"(anonymous_6)","line":36,"loc":{"start":{"line":36,"column":40},"end":{"line":36,"column":84}}},"7":{"name":"(anonymous_7)","line":41,"loc":{"start":{"line":41,"column":21},"end":{"line":41,"column":50}}},"8":{"name":"(anonymous_8)","line":47,"loc":{"start":{"line":47,"column":18},"end":{"line":47,"column":64}}},"9":{"name":"(anonymous_9)","line":49,"loc":{"start":{"line":49,"column":55},"end":{"line":49,"column":74}}}},"statementMap":{"1":{"start":{"line":2,"column":0},"end":{"line":2,"column":29}},"2":{"start":{"line":4,"column":0},"end":{"line":4,"column":19}},"3":{"start":{"line":6,"column":0},"end":{"line":6,"column":23}},"4":{"start":{"line":8,"column":0},"end":{"line":8,"column":27}},"5":{"start":{"line":10,"column":0},"end":{"line":60,"column":2}},"6":{"start":{"line":12,"column":4},"end":{"line":12,"column":65}},"7":{"start":{"line":15,"column":4},"end":{"line":15,"column":54}},"8":{"start":{"line":18,"column":4},"end":{"line":22,"column":5}},"9":{"start":{"line":19,"column":6},"end":{"line":19,"column":32}},"10":{"start":{"line":21,"column":6},"end":{"line":21,"column":33}},"11":{"start":{"line":25,"column":4},"end":{"line":25,"column":16}},"12":{"start":{"line":26,"column":4},"end":{"line":26,"column":41}},"13":{"start":{"line":27,"column":4},"end":{"line":31,"column":5}},"14":{"start":{"line":28,"column":6},"end":{"line":28,"column":54}},"15":{"start":{"line":30,"column":6},"end":{"line":30,"column":34}},"16":{"start":{"line":34,"column":4},"end":{"line":34,"column":20}},"17":{"start":{"line":35,"column":4},"end":{"line":35,"column":21}},"18":{"start":{"line":36,"column":4},"end":{"line":38,"column":7}},"19":{"start":{"line":37,"column":6},"end":{"line":37,"column":50}},"20":{"start":{"line":39,"column":4},"end":{"line":39,"column":77}},"21":{"start":{"line":42,"column":4},"end":{"line":42,"column":43}},"22":{"start":{"line":43,"column":4},"end":{"line":43,"column":55}},"23":{"start":{"line":44,"column":4},"end":{"line":44,"column":72}},"24":{"start":{"line":45,"column":4},"end":{"line":45,"column":27}},"25":{"start":{"line":48,"column":4},"end":{"line":48,"column":38}},"26":{"start":{"line":49,"column":4},"end":{"line":51,"column":7}},"27":{"start":{"line":50,"column":6},"end":{"line":50,"column":22}},"28":{"start":{"line":52,"column":4},"end":{"line":57,"column":5}},"29":{"start":{"line":53,"column":6},"end":{"line":53,"column":32}},"30":{"start":{"line":54,"column":6},"end":{"line":56,"column":7}},"31":{"start":{"line":55,"column":8},"end":{"line":55,"column":21}},"32":{"start":{"line":58,"column":4},"end":{"line":58,"column":16}},"33":{"start":{"line":62,"column":0},"end":{"line":62,"column":25}}},"branchMap":{"1":{"line":18,"type":"if","locations":[{"start":{"line":18,"column":4},"end":{"line":18,"column":4}},{"start":{"line":18,"column":4},"end":{"line":18,"column":4}}]},"2":{"line":26,"type":"cond-expr","locations":[{"start":{"line":26,"column":30},"end":{"line":26,"column":33}},{"start":{"line":26,"column":36},"end":{"line":26,"column":40}}]},"3":{"line":27,"type":"if","locations":[{"start":{"line":27,"column":4},"end":{"line":27,"column":4}},{"start":{"line":27,"column":4},"end":{"line":27,"column":4}}]},"4":{"line":54,"type":"if","locations":[{"start":{"line":54,"column":6},"end":{"line":54,"column":6}},{"start":{"line":54,"column":6},"end":{"line":54,"column":6}}]}}},"/Users/danielkalen/sandbox/simplyimport/dist/regex.js":{"path":"/Users/danielkalen/sandbox/simplyimport/dist/regex.js","s":{"1":1,"2":1,"3":1},"b":{},"f":{},"fnMap":{},"statementMap":{"1":{"start":{"line":2,"column":0},"end":{"line":2,"column":10}},"2":{"start":{"line":4,"column":0},"end":{"line":8,"column":2}},"3":{"start":{"line":10,"column":0},"end":{"line":10,"column":23}}},"branchMap":{}},"/Users/danielkalen/sandbox/simplyimport/dist/defaultOptions.js":{"path":"/Users/danielkalen/sandbox/simplyimport/dist/defaultOptions.js","s":{"1":1},"b":{},"f":{},"fnMap":{},"statementMap":{"1":{"start":{"line":2,"column":0},"end":{"line":10,"column":2}}},"branchMap":{}},"/Users/danielkalen/sandbox/simplyimport/dist/consoleLabels.js":{"path":"/Users/danielkalen/sandbox/simplyimport/dist/consoleLabels.js","s":{"1":1,"2":1,"3":1},"b":{},"f":{},"fnMap":{},"statementMap":{"1":{"start":{"line":2,"column":0},"end":{"line":2,"column":10}},"2":{"start":{"line":4,"column":0},"end":{"line":4,"column":25}},"3":{"start":{"line":6,"column":0},"end":{"line":10,"column":2}}},"branchMap":{}},"/Users/danielkalen/sandbox/simplyimport/dist/FileConstructor.js":{"path":"/Users/danielkalen/sandbox/simplyimport/dist/FileConstructor.js","s":{"1":1,"2":1,"3":1,"4":1,"5":1,"6":1,"7":1,"8":1,"9":1,"10":91,"11":91,"12":8,"13":91,"14":91,"15":86,"16":86,"17":91,"18":91,"19":91,"20":20,"21":91,"22":76,"23":91,"24":15,"25":76,"26":76,"27":76,"28":76,"29":76,"30":76,"31":1,"32":91,"33":91,"34":91,"35":1,"36":76,"37":76,"38":67,"39":67,"40":6,"41":9,"42":5,"43":4,"44":9,"45":9,"46":9,"47":9,"48":7,"49":2,"50":1,"51":9,"52":8,"53":9,"54":1,"55":91,"56":84,"57":84,"58":4,"59":1,"60":76,"61":67,"62":9,"63":1},"b":{"1":[8,83],"2":[68,23],"3":[20,71],"4":[76,15],"5":[15,76],"6":[67,9],"7":[1,75],"8":[76,7],"9":[67,9],"10":[5,4],"11":[8,1],"12":[84,7],"13":[4,4],"14":[67,9]},"f":{"1":91,"2":76,"3":91,"4":84,"5":4,"6":76},"fnMap":{"1":{"name":"(anonymous_1)","line":26,"loc":{"start":{"line":26,"column":7},"end":{"line":26,"column":45}}},"2":{"name":"(anonymous_2)","line":61,"loc":{"start":{"line":61,"column":29},"end":{"line":61,"column":40}}},"3":{"name":"(anonymous_3)","line":90,"loc":{"start":{"line":90,"column":39},"end":{"line":90,"column":50}}},"4":{"name":"(anonymous_4)","line":92,"loc":{"start":{"line":92,"column":54},"end":{"line":92,"column":70}}},"5":{"name":"(anonymous_5)","line":93,"loc":{"start":{"line":93,"column":13},"end":{"line":93,"column":36}}},"6":{"name":"(anonymous_6)","line":100,"loc":{"start":{"line":100,"column":33},"end":{"line":100,"column":44}}}},"statementMap":{"1":{"start":{"line":2,"column":0},"end":{"line":2,"column":62}},"2":{"start":{"line":4,"column":0},"end":{"line":4,"column":19}},"3":{"start":{"line":6,"column":0},"end":{"line":6,"column":21}},"4":{"start":{"line":8,"column":0},"end":{"line":8,"column":23}},"5":{"start":{"line":10,"column":0},"end":{"line":10,"column":25}},"6":{"start":{"line":12,"column":0},"end":{"line":12,"column":27}},"7":{"start":{"line":14,"column":0},"end":{"line":14,"column":31}},"8":{"start":{"line":16,"column":0},"end":{"line":16,"column":43}},"9":{"start":{"line":26,"column":0},"end":{"line":59,"column":2}},"10":{"start":{"line":27,"column":2},"end":{"line":27,"column":22}},"11":{"start":{"line":28,"column":2},"end":{"line":30,"column":3}},"12":{"start":{"line":29,"column":4},"end":{"line":29,"column":15}},"13":{"start":{"line":31,"column":2},"end":{"line":31,"column":66}},"14":{"start":{"line":32,"column":2},"end":{"line":35,"column":3}},"15":{"start":{"line":33,"column":4},"end":{"line":33,"column":23}},"16":{"start":{"line":34,"column":4},"end":{"line":34,"column":22}},"17":{"start":{"line":36,"column":2},"end":{"line":36,"column":33}},"18":{"start":{"line":37,"column":2},"end":{"line":37,"column":31}},"19":{"start":{"line":38,"column":2},"end":{"line":40,"column":3}},"20":{"start":{"line":39,"column":4},"end":{"line":39,"column":26}},"21":{"start":{"line":41,"column":2},"end":{"line":43,"column":3}},"22":{"start":{"line":42,"column":4},"end":{"line":42,"column":26}},"23":{"start":{"line":44,"column":2},"end":{"line":55,"column":3}},"24":{"start":{"line":45,"column":4},"end":{"line":45,"column":25}},"25":{"start":{"line":47,"column":4},"end":{"line":47,"column":42}},"26":{"start":{"line":48,"column":4},"end":{"line":48,"column":102}},"27":{"start":{"line":49,"column":4},"end":{"line":49,"column":63}},"28":{"start":{"line":50,"column":4},"end":{"line":50,"column":43}},"29":{"start":{"line":51,"column":4},"end":{"line":51,"column":38}},"30":{"start":{"line":52,"column":4},"end":{"line":54,"column":5}},"31":{"start":{"line":53,"column":6},"end":{"line":53,"column":131}},"32":{"start":{"line":56,"column":2},"end":{"line":56,"column":31}},"33":{"start":{"line":57,"column":2},"end":{"line":57,"column":32}},"34":{"start":{"line":58,"column":2},"end":{"line":58,"column":14}},"35":{"start":{"line":61,"column":0},"end":{"line":88,"column":2}},"36":{"start":{"line":62,"column":2},"end":{"line":62,"column":56}},"37":{"start":{"line":63,"column":2},"end":{"line":73,"column":3}},"38":{"start":{"line":64,"column":4},"end":{"line":68,"column":5}},"39":{"start":{"line":65,"column":6},"end":{"line":65,"column":55}},"40":{"start":{"line":67,"column":6},"end":{"line":67,"column":16}},"41":{"start":{"line":69,"column":9},"end":{"line":73,"column":3}},"42":{"start":{"line":70,"column":4},"end":{"line":70,"column":68}},"43":{"start":{"line":72,"column":4},"end":{"line":72,"column":68}},"44":{"start":{"line":74,"column":2},"end":{"line":74,"column":15}},"45":{"start":{"line":75,"column":2},"end":{"line":83,"column":24}},"46":{"start":{"line":76,"column":4},"end":{"line":82,"column":5}},"47":{"start":{"line":77,"column":6},"end":{"line":77,"column":58}},"48":{"start":{"line":78,"column":6},"end":{"line":78,"column":24}},"49":{"start":{"line":80,"column":6},"end":{"line":80,"column":58}},"50":{"start":{"line":81,"column":6},"end":{"line":81,"column":24}},"51":{"start":{"line":84,"column":2},"end":{"line":86,"column":3}},"52":{"start":{"line":85,"column":4},"end":{"line":85,"column":66}},"53":{"start":{"line":87,"column":2},"end":{"line":87,"column":17}},"54":{"start":{"line":90,"column":0},"end":{"line":98,"column":2}},"55":{"start":{"line":91,"column":2},"end":{"line":97,"column":3}},"56":{"start":{"line":92,"column":4},"end":{"line":96,"column":14}},"57":{"start":{"line":93,"column":6},"end":{"line":95,"column":8}},"58":{"start":{"line":94,"column":8},"end":{"line":94,"column":104}},"59":{"start":{"line":100,"column":0},"end":{"line":106,"column":2}},"60":{"start":{"line":101,"column":2},"end":{"line":105,"column":3}},"61":{"start":{"line":102,"column":4},"end":{"line":102,"column":37}},"62":{"start":{"line":104,"column":4},"end":{"line":104,"column":25}},"63":{"start":{"line":108,"column":0},"end":{"line":108,"column":22}}},"branchMap":{"1":{"line":28,"type":"if","locations":[{"start":{"line":28,"column":2},"end":{"line":28,"column":2}},{"start":{"line":28,"column":2},"end":{"line":28,"column":2}}]},"2":{"line":31,"type":"cond-expr","locations":[{"start":{"line":31,"column":47},"end":{"line":31,"column":60}},{"start":{"line":31,"column":63},"end":{"line":31,"column":65}}]},"3":{"line":38,"type":"if","locations":[{"start":{"line":38,"column":2},"end":{"line":38,"column":2}},{"start":{"line":38,"column":2},"end":{"line":38,"column":2}}]},"4":{"line":41,"type":"if","locations":[{"start":{"line":41,"column":2},"end":{"line":41,"column":2}},{"start":{"line":41,"column":2},"end":{"line":41,"column":2}}]},"5":{"line":44,"type":"if","locations":[{"start":{"line":44,"column":2},"end":{"line":44,"column":2}},{"start":{"line":44,"column":2},"end":{"line":44,"column":2}}]},"6":{"line":48,"type":"cond-expr","locations":[{"start":{"line":48,"column":72},"end":{"line":48,"column":92}},{"start":{"line":48,"column":95},"end":{"line":48,"column":101}}]},"7":{"line":52,"type":"if","locations":[{"start":{"line":52,"column":4},"end":{"line":52,"column":4}},{"start":{"line":52,"column":4},"end":{"line":52,"column":4}}]},"8":{"line":52,"type":"binary-expr","locations":[{"start":{"line":52,"column":8},"end":{"line":52,"column":21}},{"start":{"line":52,"column":25},"end":{"line":52,"column":40}}]},"9":{"line":63,"type":"if","locations":[{"start":{"line":63,"column":2},"end":{"line":63,"column":2}},{"start":{"line":63,"column":2},"end":{"line":63,"column":2}}]},"10":{"line":69,"type":"if","locations":[{"start":{"line":69,"column":9},"end":{"line":69,"column":9}},{"start":{"line":69,"column":9},"end":{"line":69,"column":9}}]},"11":{"line":84,"type":"if","locations":[{"start":{"line":84,"column":2},"end":{"line":84,"column":2}},{"start":{"line":84,"column":2},"end":{"line":84,"column":2}}]},"12":{"line":91,"type":"if","locations":[{"start":{"line":91,"column":2},"end":{"line":91,"column":2}},{"start":{"line":91,"column":2},"end":{"line":91,"column":2}}]},"13":{"line":94,"type":"binary-expr","locations":[{"start":{"line":94,"column":78},"end":{"line":94,"column":92}},{"start":{"line":94,"column":96},"end":{"line":94,"column":103}}]},"14":{"line":101,"type":"if","locations":[{"start":{"line":101,"column":2},"end":{"line":101,"column":2}},{"start":{"line":101,"column":2},"end":{"line":101,"column":2}}]}}}}