TN:
SF:/Users/danielkalen/sandbox/simplyimport/dist/simplyimport.js
FN:28,(anonymous_1)
FN:37,(anonymous_2)
FN:44,(anonymous_3)
FN:46,(anonymous_4)
FN:55,(anonymous_5)
FN:56,(anonymous_6)
FN:57,(anonymous_7)
FN:85,(anonymous_8)
FN:92,(anonymous_9)
FN:94,(anonymous_10)
FNF:10
FNH:10
FNDA:23,(anonymous_1)
FNDA:2,(anonymous_2)
FNDA:9,(anonymous_3)
FNDA:5,(anonymous_4)
FNDA:77,(anonymous_5)
FNDA:150,(anonymous_6)
FNDA:75,(anonymous_7)
FNDA:6,(anonymous_8)
FNDA:6,(anonymous_9)
FNDA:6,(anonymous_10)
DA:2,1
DA:4,1
DA:6,1
DA:8,1
DA:10,1
DA:12,1
DA:14,1
DA:16,1
DA:18,1
DA:20,1
DA:22,1
DA:24,1
DA:26,1
DA:28,1
DA:29,23
DA:30,23
DA:31,23
DA:32,23
DA:33,1
DA:35,22
DA:36,21
DA:37,2
DA:38,2
DA:39,2
DA:40,2
DA:41,9
DA:43,2
DA:45,9
DA:47,5
DA:49,2
DA:51,21
DA:55,1
DA:56,77
DA:57,150
DA:58,75
DA:59,75
DA:60,65
DA:62,75
DA:63,1
DA:65,74
DA:66,74
DA:67,68
DA:68,68
DA:71,68
DA:72,6
DA:73,1
DA:74,1
DA:75,1
DA:77,62
DA:78,56
DA:79,56
DA:80,56
DA:81,55
DA:83,56
DA:84,3
DA:85,3
DA:86,6
DA:88,3
DA:90,56
DA:92,6
DA:93,6
DA:94,6
DA:95,6
DA:97,6
DA:99,6
DA:101,2
DA:102,1
DA:106,1
DA:109,55
DA:110,1
DA:120,73
DA:121,6
DA:123,73
DA:128,1
LF:74
LH:74
BRDA:32,1,0,1
BRDA:32,1,1,22
BRDA:36,2,0,2
BRDA:36,2,1,19
BRDA:59,3,0,65
BRDA:59,3,1,10
BRDA:62,4,0,1
BRDA:62,4,1,74
BRDA:65,5,0,58
BRDA:65,5,1,16
BRDA:66,6,0,68
BRDA:66,6,1,6
BRDA:71,7,0,6
BRDA:71,7,1,62
BRDA:72,8,0,1
BRDA:72,8,1,5
BRDA:77,9,0,56
BRDA:77,9,1,6
BRDA:78,10,0,56
BRDA:78,10,1,15
BRDA:80,11,0,55
BRDA:80,11,1,1
BRDA:83,12,0,3
BRDA:83,12,1,53
BRDA:83,13,0,56
BRDA:83,13,1,9
BRDA:90,14,0,6
BRDA:90,14,1,2
BRDA:91,15,0,56
BRDA:91,15,1,24
BRDA:100,16,0,50
BRDA:100,16,1,20
BRDA:101,17,0,1
BRDA:101,17,1,1
BRDA:109,18,0,1
BRDA:109,18,1,54
BRDA:120,19,0,6
BRDA:120,19,1,67
BRDA:120,20,0,73
BRDA:120,20,1,6
BRDA:123,21,0,73
BRDA:123,21,1,18
BRF:42
BRH:42
end_of_record
TN:
SF:/Users/danielkalen/sandbox/simplyimport/dist/helpers.js
FN:11,(anonymous_1)
FN:14,(anonymous_2)
FN:17,(anonymous_3)
FN:24,(anonymous_4)
FN:33,(anonymous_5)
FN:36,(anonymous_6)
FN:41,(anonymous_7)
FN:47,(anonymous_8)
FN:49,(anonymous_9)
FNF:9
FNH:9
FNDA:76,(anonymous_1)
FNDA:3,(anonymous_2)
FNDA:75,(anonymous_3)
FNDA:63,(anonymous_4)
FNDA:58,(anonymous_5)
FNDA:58,(anonymous_6)
FNDA:68,(anonymous_7)
FNDA:74,(anonymous_8)
FNDA:84,(anonymous_9)
DA:2,1
DA:4,1
DA:6,1
DA:8,1
DA:10,1
DA:12,76
DA:15,3
DA:18,75
DA:19,27
DA:21,48
DA:25,63
DA:26,63
DA:27,63
DA:28,58
DA:30,5
DA:34,58
DA:35,58
DA:36,58
DA:37,58
DA:39,58
DA:42,68
DA:43,68
DA:44,68
DA:45,68
DA:48,74
DA:49,74
DA:50,84
DA:52,74
DA:53,16
DA:54,16
DA:55,6
DA:58,68
DA:62,1
LF:33
LH:33
BRDA:18,1,0,27
BRDA:18,1,1,48
BRDA:26,2,0,23
BRDA:26,2,1,40
BRDA:27,3,0,58
BRDA:27,3,1,5
BRDA:54,4,0,6
BRDA:54,4,1,10
BRF:8
BRH:8
end_of_record
TN:
SF:/Users/danielkalen/sandbox/simplyimport/dist/regex.js
FNF:0
FNH:0
DA:2,1
DA:4,1
DA:10,1
LF:3
LH:3
BRF:0
BRH:0
end_of_record
TN:
SF:/Users/danielkalen/sandbox/simplyimport/dist/defaultOptions.js
FNF:0
FNH:0
DA:2,1
LF:1
LH:1
BRF:0
BRH:0
end_of_record
TN:
SF:/Users/danielkalen/sandbox/simplyimport/dist/consoleLabels.js
FNF:0
FNH:0
DA:2,1
DA:4,1
DA:6,1
LF:3
LH:3
BRF:0
BRH:0
end_of_record
TN:
SF:/Users/danielkalen/sandbox/simplyimport/dist/FileConstructor.js
FN:26,(anonymous_1)
FN:61,(anonymous_2)
FN:90,(anonymous_3)
FN:92,(anonymous_4)
FN:93,(anonymous_5)
FN:100,(anonymous_6)
FNF:6
FNH:6
FNDA:91,(anonymous_1)
FNDA:76,(anonymous_2)
FNDA:91,(anonymous_3)
FNDA:84,(anonymous_4)
FNDA:4,(anonymous_5)
FNDA:76,(anonymous_6)
DA:2,1
DA:4,1
DA:6,1
DA:8,1
DA:10,1
DA:12,1
DA:14,1
DA:16,1
DA:26,1
DA:27,91
DA:28,91
DA:29,8
DA:31,91
DA:32,91
DA:33,86
DA:34,86
DA:36,91
DA:37,91
DA:38,91
DA:39,20
DA:41,91
DA:42,76
DA:44,91
DA:45,15
DA:47,76
DA:48,76
DA:49,76
DA:50,76
DA:51,76
DA:52,76
DA:53,1
DA:56,91
DA:57,91
DA:58,91
DA:61,1
DA:62,76
DA:63,76
DA:64,67
DA:65,67
DA:67,6
DA:69,9
DA:70,5
DA:72,4
DA:74,9
DA:75,9
DA:76,9
DA:77,9
DA:78,7
DA:80,2
DA:81,1
DA:84,9
DA:85,8
DA:87,9
DA:90,1
DA:91,91
DA:92,84
DA:93,84
DA:94,4
DA:100,1
DA:101,76
DA:102,67
DA:104,9
DA:108,1
LF:63
LH:63
BRDA:28,1,0,8
BRDA:28,1,1,83
BRDA:31,2,0,68
BRDA:31,2,1,23
BRDA:38,3,0,20
BRDA:38,3,1,71
BRDA:41,4,0,76
BRDA:41,4,1,15
BRDA:44,5,0,15
BRDA:44,5,1,76
BRDA:48,6,0,67
BRDA:48,6,1,9
BRDA:52,7,0,1
BRDA:52,7,1,75
BRDA:52,8,0,76
BRDA:52,8,1,7
BRDA:63,9,0,67
BRDA:63,9,1,9
BRDA:69,10,0,5
BRDA:69,10,1,4
BRDA:84,11,0,8
BRDA:84,11,1,1
BRDA:91,12,0,84
BRDA:91,12,1,7
BRDA:94,13,0,4
BRDA:94,13,1,4
BRDA:101,14,0,67
BRDA:101,14,1,9
BRF:28
BRH:28
end_of_record
